<?xml version="1.0" encoding="UTF-8"?>
<testng-results ignored="0" total="2" passed="2" failed="0" skipped="0">
  <reporter-output>
  </reporter-output>
  <suite started-at="2023-08-11T21:40:05 IST" name="Cross Browser Testing" finished-at="2023-08-11T21:40:27 IST" duration-ms="21882">
    <groups>
    </groups>
    <test started-at="2023-08-11T21:40:05 IST" name="Test on Chrome" finished-at="2023-08-11T21:40:16 IST" duration-ms="10751">
      <class name="Demo.CrossBroserTest">
        <test-method is-config="true" signature="setUp(java.lang.String,java.lang.String,java.lang.String)[pri:0, instance:Demo.CrossBroserTest@21b2e768]" started-at="2023-08-11T21:40:05 IST" name="setUp" finished-at="2023-08-11T21:40:12 IST" duration-ms="7094" status="PASS">
          <params>
            <param index="0">
              <value>
                <![CDATA[chrome]]>
              </value>
            </param>
            <param index="1">
              <value>
                <![CDATA[114.0]]>
              </value>
            </param>
            <param index="2">
              <value>
                <![CDATA[Windows 10]]>
              </value>
            </param>
          </params>
          <reporter-output>
          </reporter-output>
        </test-method> <!-- setUp -->
        <test-method signature="testSimple()[pri:0, instance:Demo.CrossBroserTest@21b2e768]" started-at="2023-08-11T21:40:12 IST" name="testSimple" finished-at="2023-08-11T21:40:14 IST" duration-ms="2088" status="PASS">
          <reporter-output>
          </reporter-output>
        </test-method> <!-- testSimple -->
        <test-method is-config="true" signature="tearDown()[pri:0, instance:Demo.CrossBroserTest@21b2e768]" started-at="2023-08-11T21:40:14 IST" name="tearDown" finished-at="2023-08-11T21:40:16 IST" duration-ms="1500" status="PASS">
          <reporter-output>
          </reporter-output>
        </test-method> <!-- tearDown -->
      </class> <!-- Demo.CrossBroserTest -->
    </test> <!-- Test on Chrome -->
    <test started-at="2023-08-11T21:40:16 IST" name="Test on Edge" finished-at="2023-08-11T21:40:27 IST" duration-ms="11033">
      <class name="Demo.CrossBroserTest">
        <test-method is-config="true" signature="setUp(java.lang.String,java.lang.String,java.lang.String)[pri:0, instance:Demo.CrossBroserTest@770d3326]" started-at="2023-08-11T21:40:16 IST" name="setUp" finished-at="2023-08-11T21:40:23 IST" duration-ms="7321" status="PASS">
          <params>
            <param index="0">
              <value>
                <![CDATA[edge]]>
              </value>
            </param>
            <param index="1">
              <value>
                <![CDATA[112.0]]>
              </value>
            </param>
            <param index="2">
              <value>
                <![CDATA[Windows 10]]>
              </value>
            </param>
          </params>
          <reporter-output>
          </reporter-output>
        </test-method> <!-- setUp -->
        <test-method signature="testSimple()[pri:0, instance:Demo.CrossBroserTest@770d3326]" started-at="2023-08-11T21:40:23 IST" name="testSimple" finished-at="2023-08-11T21:40:26 IST" duration-ms="2184" status="PASS">
          <reporter-output>
          </reporter-output>
        </test-method> <!-- testSimple -->
        <test-method is-config="true" signature="tearDown()[pri:0, instance:Demo.CrossBroserTest@770d3326]" started-at="2023-08-11T21:40:26 IST" name="tearDown" finished-at="2023-08-11T21:40:27 IST" duration-ms="1518" status="PASS">
          <reporter-output>
          </reporter-output>
        </test-method> <!-- tearDown -->
      </class> <!-- Demo.CrossBroserTest -->
    </test> <!-- Test on Edge -->
  </suite> <!-- Cross Browser Testing -->
</testng-results>
